d:\computer graphics\projects\assignment2_amandeepsingh\assignment2_amandeepsingh\x64\debug\vc142.pdb
d:\computer graphics\projects\assignment2_amandeepsingh\assignment2_amandeepsingh\x64\debug\vc142.idb
d:\computer graphics\projects\assignment2_amandeepsingh\assignment2_amandeepsingh\x64\debug\main.obj
d:\computer graphics\projects\assignment3_amandeepsingh\x64\debug\vc142.pdb
d:\computer graphics\projects\assignment3_amandeepsingh\x64\debug\vc142.idb
d:\computer graphics\projects\assignment3_amandeepsingh\x64\debug\vector3.obj
d:\computer graphics\projects\assignment3_amandeepsingh\x64\debug\transformation.obj
d:\computer graphics\projects\assignment3_amandeepsingh\x64\debug\shape.obj
d:\computer graphics\projects\assignment3_amandeepsingh\x64\debug\mesh.obj
d:\computer graphics\projects\assignment3_amandeepsingh\x64\debug\main.obj
d:\computer graphics\projects\assignment3_amandeepsingh\x64\debug\figure.obj
d:\computer graphics\projects\assignment3_amandeepsingh\x64\debug\color.obj
d:\computer graphics\projects\assignment3_amandeepsingh\x64\debug\body.obj
d:\computer graphics\projects\assignment3_amandeepsingh\x64\debug\features.obj
d:\computer graphics\projects\assignment2_amandeepsingh\assignment2_amandeepsingh\x64\debug\assignment2_amandeepsingh.exe
d:\computer graphics\projects\assignment2_amandeepsingh\assignment2_amandeepsingh\x64\debug\assignment2_amandeepsingh.ilk
d:\computer graphics\projects\assignment2_amandeepsingh\assignment2_amandeepsingh\x64\debug\assignment2_amandeepsingh.pdb
d:\computer graphics\projects\assignment3_amandeepsingh\x64\debug\assignment3_amandeepsingh.exe
d:\computer graphics\projects\assignment3_amandeepsingh\x64\debug\assignment3_amandeepsingh.ilk
d:\computer graphics\projects\assignment3_amandeepsingh\x64\debug\assignment3_amandeepsingh.pdb
d:\computer graphics\projects\assignment3_amandeepsingh\x64\debug\assignment2_amandeepsingh.ilk
d:\computer graphics\projects\assignment3_amandeepsingh\x64\debug\assignment2_amandeepsingh.pdb
d:\computer graphics\projects\assignment3_amandeepsingh\x64\debug\assignme.f2a653d6.tlog\cl.command.1.tlog
d:\computer graphics\projects\assignment3_amandeepsingh\x64\debug\assignme.f2a653d6.tlog\cl.read.1.tlog
d:\computer graphics\projects\assignment3_amandeepsingh\x64\debug\assignme.f2a653d6.tlog\cl.write.1.tlog
d:\computer graphics\projects\assignment3_amandeepsingh\x64\debug\assignme.f2a653d6.tlog\link.command.1.tlog
d:\computer graphics\projects\assignment3_amandeepsingh\x64\debug\assignme.f2a653d6.tlog\link.read.1.tlog
d:\computer graphics\projects\assignment3_amandeepsingh\x64\debug\assignme.f2a653d6.tlog\link.write.1.tlog
